<?xml version="1.0" encoding="UTF-8"?>
<testsuite name="com.soongjamm.book.springboot.domain.posts.PostsRepositoryTest" tests="2" skipped="0" failures="0" errors="0" timestamp="2021-01-15T16:15:09" hostname="gimsungjaem.local" time="0.035">
  <properties/>
  <testcase name="게시글저장_불러오기" classname="com.soongjamm.book.springboot.domain.posts.PostsRepositoryTest" time="0.019"/>
  <testcase name="BaseTimeEntity_등록" classname="com.soongjamm.book.springboot.domain.posts.PostsRepositoryTest" time="0.015"/>
  <system-out><![CDATA[2021-01-16 01:15:06.995  INFO 14729 --- [    Test worker] .b.t.c.SpringBootTestContextBootstrapper : Neither @ContextConfiguration nor @ContextHierarchy found for test class [com.soongjamm.book.springboot.domain.posts.PostsRepositoryTest], using SpringBootContextLoader
2021-01-16 01:15:06.996  INFO 14729 --- [    Test worker] o.s.t.c.support.AbstractContextLoader    : Could not detect default resource locations for test class [com.soongjamm.book.springboot.domain.posts.PostsRepositoryTest]: no resource found for suffixes {-context.xml, Context.groovy}.
2021-01-16 01:15:06.996  INFO 14729 --- [    Test worker] t.c.s.AnnotationConfigContextLoaderUtils : Could not detect default configuration classes for test class [com.soongjamm.book.springboot.domain.posts.PostsRepositoryTest]: PostsRepositoryTest does not declare any static, non-private, non-final, nested classes annotated with @Configuration.
2021-01-16 01:15:07.001  INFO 14729 --- [    Test worker] .b.t.c.SpringBootTestContextBootstrapper : Found @SpringBootConfiguration com.soongjamm.book.springboot.Application for test class com.soongjamm.book.springboot.domain.posts.PostsRepositoryTest
2021-01-16 01:15:07.002  INFO 14729 --- [    Test worker] .b.t.c.SpringBootTestContextBootstrapper : Loaded default TestExecutionListener class names from location [META-INF/spring.factories]: [org.springframework.security.test.context.support.WithSecurityContextTestExecutionListener, org.springframework.security.test.context.support.ReactorContextTestExecutionListener, org.springframework.boot.test.autoconfigure.restdocs.RestDocsTestExecutionListener, org.springframework.boot.test.autoconfigure.web.client.MockRestServiceServerResetTestExecutionListener, org.springframework.boot.test.autoconfigure.web.servlet.MockMvcPrintOnlyOnFailureTestExecutionListener, org.springframework.boot.test.autoconfigure.web.servlet.WebDriverTestExecutionListener, org.springframework.boot.test.mock.mockito.MockitoTestExecutionListener, org.springframework.boot.test.mock.mockito.ResetMocksTestExecutionListener, org.springframework.test.context.web.ServletTestExecutionListener, org.springframework.test.context.support.DirtiesContextBeforeModesTestExecutionListener, org.springframework.test.context.support.DependencyInjectionTestExecutionListener, org.springframework.test.context.support.DirtiesContextTestExecutionListener, org.springframework.test.context.transaction.TransactionalTestExecutionListener, org.springframework.test.context.jdbc.SqlScriptsTestExecutionListener]
2021-01-16 01:15:07.003  INFO 14729 --- [    Test worker] .b.t.c.SpringBootTestContextBootstrapper : Using TestExecutionListeners: [org.springframework.test.context.web.ServletTestExecutionListener@7405510f, org.springframework.test.context.support.DirtiesContextBeforeModesTestExecutionListener@27597c69, org.springframework.boot.test.mock.mockito.MockitoTestExecutionListener@6f2e69c0, org.springframework.boot.test.autoconfigure.SpringBootDependencyInjectionTestExecutionListener@7fed02d3, org.springframework.test.context.support.DirtiesContextTestExecutionListener@213eb908, org.springframework.test.context.transaction.TransactionalTestExecutionListener@4d682372, org.springframework.test.context.jdbc.SqlScriptsTestExecutionListener@51942376, org.springframework.security.test.context.support.WithSecurityContextTestExecutionListener@46f8580d, org.springframework.security.test.context.support.ReactorContextTestExecutionListener@125a5f23, org.springframework.boot.test.autoconfigure.restdocs.RestDocsTestExecutionListener@1e259da9, org.springframework.boot.test.autoconfigure.web.client.MockRestServiceServerResetTestExecutionListener@6eda8288, org.springframework.boot.test.autoconfigure.web.servlet.MockMvcPrintOnlyOnFailureTestExecutionListener@6a66876e, org.springframework.boot.test.autoconfigure.web.servlet.WebDriverTestExecutionListener@2a057e46, org.springframework.boot.test.mock.mockito.ResetMocksTestExecutionListener@18ff667a]

  .   ____          _            __ _ _
 /\\ / ___'_ __ _ _(_)_ __  __ _ \ \ \ \
( ( )\___ | '_ | '_| | '_ \/ _` | \ \ \ \
 \\/  ___)| |_)| | | | | || (_| |  ) ) ) )
  '  |____| .__|_| |_|_| |_\__, | / / / /
 =========|_|==============|___/=/_/_/_/
 :: Spring Boot ::        (v2.1.7.RELEASE)

2021-01-16 01:15:07.843  INFO 14729 --- [    Test worker] c.s.b.s.d.posts.PostsRepositoryTest      : Starting PostsRepositoryTest on gimsungjaem.local with PID 14729 (started by soongjamm in /Users/soongjamm/spring-boot-aws-web-service)
2021-01-16 01:15:07.843  INFO 14729 --- [    Test worker] c.s.b.s.d.posts.PostsRepositoryTest      : No active profile set, falling back to default profiles: default
2021-01-16 01:15:07.989  INFO 14729 --- [    Test worker] .s.d.r.c.RepositoryConfigurationDelegate : Bootstrapping Spring Data repositories in DEFAULT mode.
2021-01-16 01:15:08.001  INFO 14729 --- [    Test worker] .s.d.r.c.RepositoryConfigurationDelegate : Finished Spring Data repository scanning in 11ms. Found 2 repository interfaces.
2021-01-16 01:15:08.072  INFO 14729 --- [    Test worker] trationDelegate$BeanPostProcessorChecker : Bean 'org.springframework.transaction.annotation.ProxyTransactionManagementConfiguration' of type [org.springframework.transaction.annotation.ProxyTransactionManagementConfiguration$$EnhancerBySpringCGLIB$$bf822d05] is not eligible for getting processed by all BeanPostProcessors (for example: not eligible for auto-proxying)
2021-01-16 01:15:08.148  INFO 14729 --- [    Test worker] com.zaxxer.hikari.HikariDataSource       : HikariPool-2 - Starting...
2021-01-16 01:15:08.149  INFO 14729 --- [    Test worker] com.zaxxer.hikari.HikariDataSource       : HikariPool-2 - Start completed.
2021-01-16 01:15:08.164  INFO 14729 --- [    Test worker] o.hibernate.jpa.internal.util.LogHelper  : HHH000204: Processing PersistenceUnitInfo [
	name: default
	...]
2021-01-16 01:15:08.169  INFO 14729 --- [    Test worker] org.hibernate.dialect.Dialect            : HHH000400: Using dialect: org.hibernate.dialect.MySQL5InnoDBDialect
Hibernate: drop table if exists posts
Hibernate: drop table if exists user
Hibernate: create table posts (id bigint not null auto_increment, created_date datetime, modifiedate datetime, author varchar(255), content TEXT not null, title varchar(500) not null, primary key (id)) engine=InnoDB
Hibernate: create table user (id bigint not null auto_increment, created_date datetime, modifiedate datetime, email varchar(255) not null, name varchar(255) not null, picture varchar(255), role varchar(255) not null, primary key (id)) engine=InnoDB
2021-01-16 01:15:08.207  INFO 14729 --- [    Test worker] o.h.t.schema.internal.SchemaCreatorImpl  : HHH000476: Executing import script 'org.hibernate.tool.schema.internal.exec.ScriptSourceInputNonExistentImpl@727fa7f6'
2021-01-16 01:15:08.207  INFO 14729 --- [    Test worker] j.LocalContainerEntityManagerFactoryBean : Initialized JPA EntityManagerFactory for persistence unit 'default'
2021-01-16 01:15:08.427  INFO 14729 --- [    Test worker] o.h.h.i.QueryTranslatorFactoryInitiator  : HHH000397: Using ASTQueryTranslatorFactory
2021-01-16 01:15:08.544  INFO 14729 --- [    Test worker] o.s.s.web.DefaultSecurityFilterChain     : Creating filter chain: any request, [org.springframework.security.web.context.request.async.WebAsyncManagerIntegrationFilter@57ea7b3b, org.springframework.security.web.context.SecurityContextPersistenceFilter@7145e9c4, org.springframework.security.web.header.HeaderWriterFilter@42fef472, org.springframework.security.web.authentication.logout.LogoutFilter@6c03673c, org.springframework.security.oauth2.client.web.OAuth2AuthorizationRequestRedirectFilter@6bd1f60, org.springframework.security.oauth2.client.web.OAuth2LoginAuthenticationFilter@68ef776a, org.springframework.security.web.authentication.ui.DefaultLoginPageGeneratingFilter@32d6a36b, org.springframework.security.web.authentication.ui.DefaultLogoutPageGeneratingFilter@31f7a92e, org.springframework.security.web.savedrequest.RequestCacheAwareFilter@75d0fb4, org.springframework.security.web.servletapi.SecurityContextHolderAwareRequestFilter@32b53649, org.springframework.security.web.authentication.AnonymousAuthenticationFilter@5f5fe66f, org.springframework.security.web.session.SessionManagementFilter@1ee3c014, org.springframework.security.web.access.ExceptionTranslationFilter@15dc664e, org.springframework.security.web.access.intercept.FilterSecurityInterceptor@4d257bcb]
2021-01-16 01:15:08.757  INFO 14729 --- [    Test worker] o.s.s.concurrent.ThreadPoolTaskExecutor  : Initializing ExecutorService 'applicationTaskExecutor'
2021-01-16 01:15:08.769  WARN 14729 --- [    Test worker] aWebConfiguration$JpaWebMvcConfiguration : spring.jpa.open-in-view is enabled by default. Therefore, database queries may be performed during view rendering. Explicitly configure spring.jpa.open-in-view to disable this warning
2021-01-16 01:15:08.786  INFO 14729 --- [    Test worker] o.s.b.a.w.s.WelcomePageHandlerMapping    : Adding welcome page template: index
2021-01-16 01:15:09.088  INFO 14729 --- [    Test worker] s.a.ScheduledAnnotationBeanPostProcessor : No TaskScheduler/ScheduledExecutorService bean found for scheduled processing
2021-01-16 01:15:09.089  INFO 14729 --- [    Test worker] c.s.b.s.d.posts.PostsRepositoryTest      : Started PostsRepositoryTest in 2.085 seconds (JVM running for 10.164)
Hibernate: insert into posts (created_date, modifiedate, author, content, title) values (?, ?, ?, ?, ?)
Hibernate: select posts0_.id as id1_0_, posts0_.created_date as created_2_0_, posts0_.modifiedate as modified3_0_, posts0_.author as author4_0_, posts0_.content as content5_0_, posts0_.title as title6_0_ from posts posts0_
Hibernate: select posts0_.id as id1_0_, posts0_.created_date as created_2_0_, posts0_.modifiedate as modified3_0_, posts0_.author as author4_0_, posts0_.content as content5_0_, posts0_.title as title6_0_ from posts posts0_
Hibernate: delete from posts where id=?
Hibernate: insert into posts (created_date, modifiedate, author, content, title) values (?, ?, ?, ?, ?)
Hibernate: select posts0_.id as id1_0_, posts0_.created_date as created_2_0_, posts0_.modifiedate as modified3_0_, posts0_.author as author4_0_, posts0_.content as content5_0_, posts0_.title as title6_0_ from posts posts0_
>>>>>>>>>> createDate=2021-01-16T01:15:09.116, modifiedDate=2021-01-16T01:15:09.116
Hibernate: select posts0_.id as id1_0_, posts0_.created_date as created_2_0_, posts0_.modifiedate as modified3_0_, posts0_.author as author4_0_, posts0_.content as content5_0_, posts0_.title as title6_0_ from posts posts0_
Hibernate: delete from posts where id=?
]]></system-out>
  <system-err><![CDATA[]]></system-err>
</testsuite>
