<?xml version="1.0" encoding="UTF-8"?>
<testsuite name="com.soongjamm.book.springboot.web.dto.HelloResponseDtoTest" tests="1" skipped="0" failures="0" errors="0" timestamp="2021-01-15T16:15:02" hostname="gimsungjaem.local" time="0.041">
  <properties/>
  <testcase name="롬복_기능_테스트" classname="com.soongjamm.book.springboot.web.dto.HelloResponseDtoTest" time="0.041"/>
  <system-out><![CDATA[]]></system-out>
  <system-err><![CDATA[]]></system-err>
</testsuite>
