<?xml version="1.0" encoding="UTF-8"?>
<testsuite name="com.soongjamm.book.springboot.web.HelloControllerTest" tests="2" skipped="0" failures="0" errors="0" timestamp="2021-01-15T16:15:02" hostname="gimsungjaem.local" time="0.305">
  <properties/>
  <testcase name="hello가_리턴된다" classname="com.soongjamm.book.springboot.web.HelloControllerTest" time="0.221"/>
  <testcase name="helloDto가_리턴된다" classname="com.soongjamm.book.springboot.web.HelloControllerTest" time="0.084"/>
  <system-out><![CDATA[01:14:59.539 [Test worker] DEBUG org.springframework.test.context.junit4.SpringJUnit4ClassRunner - SpringJUnit4ClassRunner constructor called with [class com.soongjamm.book.springboot.web.HelloControllerTest]
01:14:59.546 [Test worker] DEBUG org.springframework.test.context.BootstrapUtils - Instantiating CacheAwareContextLoaderDelegate from class [org.springframework.test.context.cache.DefaultCacheAwareContextLoaderDelegate]
01:14:59.553 [Test worker] DEBUG org.springframework.test.context.BootstrapUtils - Instantiating BootstrapContext using constructor [public org.springframework.test.context.support.DefaultBootstrapContext(java.lang.Class,org.springframework.test.context.CacheAwareContextLoaderDelegate)]
01:14:59.571 [Test worker] DEBUG org.springframework.test.context.BootstrapUtils - Instantiating TestContextBootstrapper for test class [com.soongjamm.book.springboot.web.HelloControllerTest] from class [org.springframework.boot.test.autoconfigure.web.servlet.WebMvcTestContextBootstrapper]
01:14:59.587 [Test worker] INFO org.springframework.boot.test.autoconfigure.web.servlet.WebMvcTestContextBootstrapper - Neither @ContextConfiguration nor @ContextHierarchy found for test class [com.soongjamm.book.springboot.web.HelloControllerTest], using SpringBootContextLoader
01:14:59.590 [Test worker] DEBUG org.springframework.test.context.support.AbstractContextLoader - Did not detect default resource location for test class [com.soongjamm.book.springboot.web.HelloControllerTest]: class path resource [com/soongjamm/book/springboot/web/HelloControllerTest-context.xml] does not exist
01:14:59.591 [Test worker] DEBUG org.springframework.test.context.support.AbstractContextLoader - Did not detect default resource location for test class [com.soongjamm.book.springboot.web.HelloControllerTest]: class path resource [com/soongjamm/book/springboot/web/HelloControllerTestContext.groovy] does not exist
01:14:59.591 [Test worker] INFO org.springframework.test.context.support.AbstractContextLoader - Could not detect default resource locations for test class [com.soongjamm.book.springboot.web.HelloControllerTest]: no resource found for suffixes {-context.xml, Context.groovy}.
01:14:59.591 [Test worker] INFO org.springframework.test.context.support.AnnotationConfigContextLoaderUtils - Could not detect default configuration classes for test class [com.soongjamm.book.springboot.web.HelloControllerTest]: HelloControllerTest does not declare any static, non-private, non-final, nested classes annotated with @Configuration.
01:14:59.647 [Test worker] DEBUG org.springframework.test.context.support.ActiveProfilesUtils - Could not find an 'annotation declaring class' for annotation type [org.springframework.test.context.ActiveProfiles] and class [com.soongjamm.book.springboot.web.HelloControllerTest]
01:14:59.725 [Test worker] DEBUG org.springframework.context.annotation.ClassPathScanningCandidateComponentProvider - Identified candidate component class: file [/Users/soongjamm/spring-boot-aws-web-service/build/classes/java/main/com/soongjamm/book/springboot/Application.class]
01:14:59.726 [Test worker] INFO org.springframework.boot.test.context.SpringBootTestContextBootstrapper - Found @SpringBootConfiguration com.soongjamm.book.springboot.Application for test class com.soongjamm.book.springboot.web.HelloControllerTest
01:14:59.728 [Test worker] DEBUG org.springframework.boot.test.autoconfigure.web.servlet.WebMvcTestContextBootstrapper - @TestExecutionListeners is not present for class [com.soongjamm.book.springboot.web.HelloControllerTest]: using defaults.
01:14:59.729 [Test worker] INFO org.springframework.boot.test.autoconfigure.web.servlet.WebMvcTestContextBootstrapper - Loaded default TestExecutionListener class names from location [META-INF/spring.factories]: [org.springframework.security.test.context.support.WithSecurityContextTestExecutionListener, org.springframework.security.test.context.support.ReactorContextTestExecutionListener, org.springframework.boot.test.autoconfigure.restdocs.RestDocsTestExecutionListener, org.springframework.boot.test.autoconfigure.web.client.MockRestServiceServerResetTestExecutionListener, org.springframework.boot.test.autoconfigure.web.servlet.MockMvcPrintOnlyOnFailureTestExecutionListener, org.springframework.boot.test.autoconfigure.web.servlet.WebDriverTestExecutionListener, org.springframework.boot.test.mock.mockito.MockitoTestExecutionListener, org.springframework.boot.test.mock.mockito.ResetMocksTestExecutionListener, org.springframework.test.context.web.ServletTestExecutionListener, org.springframework.test.context.support.DirtiesContextBeforeModesTestExecutionListener, org.springframework.test.context.support.DependencyInjectionTestExecutionListener, org.springframework.test.context.support.DirtiesContextTestExecutionListener, org.springframework.test.context.transaction.TransactionalTestExecutionListener, org.springframework.test.context.jdbc.SqlScriptsTestExecutionListener]
01:14:59.746 [Test worker] INFO org.springframework.boot.test.autoconfigure.web.servlet.WebMvcTestContextBootstrapper - Using TestExecutionListeners: [org.springframework.test.context.web.ServletTestExecutionListener@4674772d, org.springframework.test.context.support.DirtiesContextBeforeModesTestExecutionListener@53dfcb8e, org.springframework.boot.test.mock.mockito.MockitoTestExecutionListener@2c580a0e, org.springframework.boot.test.autoconfigure.SpringBootDependencyInjectionTestExecutionListener@3c6f32b9, org.springframework.test.context.support.DirtiesContextTestExecutionListener@59c7e706, org.springframework.test.context.transaction.TransactionalTestExecutionListener@7469d40b, org.springframework.test.context.jdbc.SqlScriptsTestExecutionListener@180da8f2, org.springframework.security.test.context.support.WithSecurityContextTestExecutionListener@5db2abb0, org.springframework.security.test.context.support.ReactorContextTestExecutionListener@3b2b88d7, org.springframework.boot.test.autoconfigure.restdocs.RestDocsTestExecutionListener@1d8ca35, org.springframework.boot.test.autoconfigure.web.client.MockRestServiceServerResetTestExecutionListener@74e7b8c4, org.springframework.boot.test.autoconfigure.web.servlet.MockMvcPrintOnlyOnFailureTestExecutionListener@3cc072c3, org.springframework.boot.test.autoconfigure.web.servlet.WebDriverTestExecutionListener@5bca38bc, org.springframework.boot.test.mock.mockito.ResetMocksTestExecutionListener@1c84c892]
01:14:59.748 [Test worker] DEBUG org.springframework.test.annotation.ProfileValueUtils - Retrieved @ProfileValueSourceConfiguration [null] for test class [com.soongjamm.book.springboot.web.HelloControllerTest]
01:14:59.748 [Test worker] DEBUG org.springframework.test.annotation.ProfileValueUtils - Retrieved ProfileValueSource type [class org.springframework.test.annotation.SystemProfileValueSource] for class [com.soongjamm.book.springboot.web.HelloControllerTest]
01:14:59.749 [Test worker] DEBUG org.springframework.test.annotation.ProfileValueUtils - Retrieved @ProfileValueSourceConfiguration [null] for test class [com.soongjamm.book.springboot.web.HelloControllerTest]
01:14:59.749 [Test worker] DEBUG org.springframework.test.annotation.ProfileValueUtils - Retrieved ProfileValueSource type [class org.springframework.test.annotation.SystemProfileValueSource] for class [com.soongjamm.book.springboot.web.HelloControllerTest]
01:14:59.753 [Test worker] DEBUG org.springframework.test.context.support.AbstractDirtiesContextTestExecutionListener - Before test class: context [DefaultTestContext@56c1ff9b testClass = HelloControllerTest, testInstance = [null], testMethod = [null], testException = [null], mergedContextConfiguration = [WebMergedContextConfiguration@2755a5f2 testClass = HelloControllerTest, locations = '{}', classes = '{class com.soongjamm.book.springboot.Application}', contextInitializerClasses = '[]', activeProfiles = '{}', propertySourceLocations = '{}', propertySourceProperties = '{org.springframework.boot.test.autoconfigure.web.servlet.WebMvcTestContextBootstrapper=true}', contextCustomizers = set[org.springframework.boot.test.autoconfigure.OverrideAutoConfigurationContextCustomizerFactory$DisableAutoConfigurationContextCustomizer@474737cd, org.springframework.boot.test.autoconfigure.filter.TypeExcludeFiltersContextCustomizer@3bb5ab92, org.springframework.boot.test.autoconfigure.properties.PropertyMappingContextCustomizer@bc1c1481, org.springframework.boot.test.autoconfigure.web.servlet.WebDriverContextCustomizerFactory$Customizer@30dcdf38, [ImportsContextCustomizer@a44a2d key = [org.springframework.boot.autoconfigure.cache.CacheAutoConfiguration, org.springframework.boot.autoconfigure.context.MessageSourceAutoConfiguration, org.springframework.boot.autoconfigure.data.web.SpringDataWebAutoConfiguration, org.springframework.boot.autoconfigure.freemarker.FreeMarkerAutoConfiguration, org.springframework.boot.autoconfigure.groovy.template.GroovyTemplateAutoConfiguration, org.springframework.boot.autoconfigure.gson.GsonAutoConfiguration, org.springframework.boot.autoconfigure.hateoas.HypermediaAutoConfiguration, org.springframework.boot.autoconfigure.http.HttpMessageConvertersAutoConfiguration, org.springframework.boot.autoconfigure.jackson.JacksonAutoConfiguration, org.springframework.boot.autoconfigure.jsonb.JsonbAutoConfiguration, org.springframework.boot.autoconfigure.mustache.MustacheAutoConfiguration, org.springframework.boot.autoconfigure.task.TaskExecutionAutoConfiguration, org.springframework.boot.autoconfigure.thymeleaf.ThymeleafAutoConfiguration, org.springframework.boot.autoconfigure.validation.ValidationAutoConfiguration, org.springframework.boot.autoconfigure.web.servlet.error.ErrorMvcAutoConfiguration, org.springframework.boot.autoconfigure.web.servlet.WebMvcAutoConfiguration, org.springframework.boot.test.autoconfigure.web.servlet.MockMvcAutoConfiguration, org.springframework.boot.test.autoconfigure.web.servlet.MockMvcSecurityAutoConfiguration, org.springframework.boot.test.autoconfigure.web.servlet.MockMvcWebClientAutoConfiguration, org.springframework.boot.test.autoconfigure.web.servlet.MockMvcWebDriverAutoConfiguration]], org.springframework.boot.test.context.filter.ExcludeFilterContextCustomizer@128ea46a, org.springframework.boot.test.json.DuplicateJsonObjectContextCustomizerFactory$DuplicateJsonObjectContextCustomizer@1420936b, org.springframework.boot.test.mock.mockito.MockitoContextCustomizer@0], resourceBasePath = 'src/main/webapp', contextLoader = 'org.springframework.boot.test.context.SpringBootContextLoader', parent = [null]], attributes = map[[empty]]], class annotated with @DirtiesContext [false] with mode [null].
01:14:59.754 [Test worker] DEBUG org.springframework.test.annotation.ProfileValueUtils - Retrieved @ProfileValueSourceConfiguration [null] for test class [com.soongjamm.book.springboot.web.HelloControllerTest]
01:14:59.755 [Test worker] DEBUG org.springframework.test.annotation.ProfileValueUtils - Retrieved ProfileValueSource type [class org.springframework.test.annotation.SystemProfileValueSource] for class [com.soongjamm.book.springboot.web.HelloControllerTest]
01:14:59.760 [Test worker] DEBUG org.springframework.test.context.support.DependencyInjectionTestExecutionListener - Performing dependency injection for test context [[DefaultTestContext@56c1ff9b testClass = HelloControllerTest, testInstance = com.soongjamm.book.springboot.web.HelloControllerTest@63f6f244, testMethod = [null], testException = [null], mergedContextConfiguration = [WebMergedContextConfiguration@2755a5f2 testClass = HelloControllerTest, locations = '{}', classes = '{class com.soongjamm.book.springboot.Application}', contextInitializerClasses = '[]', activeProfiles = '{}', propertySourceLocations = '{}', propertySourceProperties = '{org.springframework.boot.test.autoconfigure.web.servlet.WebMvcTestContextBootstrapper=true}', contextCustomizers = set[org.springframework.boot.test.autoconfigure.OverrideAutoConfigurationContextCustomizerFactory$DisableAutoConfigurationContextCustomizer@474737cd, org.springframework.boot.test.autoconfigure.filter.TypeExcludeFiltersContextCustomizer@3bb5ab92, org.springframework.boot.test.autoconfigure.properties.PropertyMappingContextCustomizer@bc1c1481, org.springframework.boot.test.autoconfigure.web.servlet.WebDriverContextCustomizerFactory$Customizer@30dcdf38, [ImportsContextCustomizer@a44a2d key = [org.springframework.boot.autoconfigure.cache.CacheAutoConfiguration, org.springframework.boot.autoconfigure.context.MessageSourceAutoConfiguration, org.springframework.boot.autoconfigure.data.web.SpringDataWebAutoConfiguration, org.springframework.boot.autoconfigure.freemarker.FreeMarkerAutoConfiguration, org.springframework.boot.autoconfigure.groovy.template.GroovyTemplateAutoConfiguration, org.springframework.boot.autoconfigure.gson.GsonAutoConfiguration, org.springframework.boot.autoconfigure.hateoas.HypermediaAutoConfiguration, org.springframework.boot.autoconfigure.http.HttpMessageConvertersAutoConfiguration, org.springframework.boot.autoconfigure.jackson.JacksonAutoConfiguration, org.springframework.boot.autoconfigure.jsonb.JsonbAutoConfiguration, org.springframework.boot.autoconfigure.mustache.MustacheAutoConfiguration, org.springframework.boot.autoconfigure.task.TaskExecutionAutoConfiguration, org.springframework.boot.autoconfigure.thymeleaf.ThymeleafAutoConfiguration, org.springframework.boot.autoconfigure.validation.ValidationAutoConfiguration, org.springframework.boot.autoconfigure.web.servlet.error.ErrorMvcAutoConfiguration, org.springframework.boot.autoconfigure.web.servlet.WebMvcAutoConfiguration, org.springframework.boot.test.autoconfigure.web.servlet.MockMvcAutoConfiguration, org.springframework.boot.test.autoconfigure.web.servlet.MockMvcSecurityAutoConfiguration, org.springframework.boot.test.autoconfigure.web.servlet.MockMvcWebClientAutoConfiguration, org.springframework.boot.test.autoconfigure.web.servlet.MockMvcWebDriverAutoConfiguration]], org.springframework.boot.test.context.filter.ExcludeFilterContextCustomizer@128ea46a, org.springframework.boot.test.json.DuplicateJsonObjectContextCustomizerFactory$DuplicateJsonObjectContextCustomizer@1420936b, org.springframework.boot.test.mock.mockito.MockitoContextCustomizer@0], resourceBasePath = 'src/main/webapp', contextLoader = 'org.springframework.boot.test.context.SpringBootContextLoader', parent = [null]], attributes = map[[empty]]]].
01:14:59.858 [Test worker] DEBUG org.springframework.test.context.support.TestPropertySourceUtils - Adding inlined properties to environment: {spring.jmx.enabled=false, org.springframework.boot.test.autoconfigure.web.servlet.WebMvcTestContextBootstrapper=true, server.port=-1}

  .   ____          _            __ _ _
 /\\ / ___'_ __ _ _(_)_ __  __ _ \ \ \ \
( ( )\___ | '_ | '_| | '_ \/ _` | \ \ \ \
 \\/  ___)| |_)| | | | | || (_| |  ) ) ) )
  '  |____| .__|_| |_|_| |_\__, | / / / /
 =========|_|==============|___/=/_/_/_/
 :: Spring Boot ::        (v2.1.7.RELEASE)

2021-01-16 01:15:00.069  INFO 14729 --- [    Test worker] c.s.b.s.web.HelloControllerTest          : Starting HelloControllerTest on gimsungjaem.local with PID 14729 (started by soongjamm in /Users/soongjamm/spring-boot-aws-web-service)
2021-01-16 01:15:00.073  INFO 14729 --- [    Test worker] c.s.b.s.web.HelloControllerTest          : No active profile set, falling back to default profiles: default
2021-01-16 01:15:01.351  INFO 14729 --- [    Test worker] o.s.s.concurrent.ThreadPoolTaskExecutor  : Initializing ExecutorService 'applicationTaskExecutor'
2021-01-16 01:15:01.442  INFO 14729 --- [    Test worker] o.s.b.a.w.s.WelcomePageHandlerMapping    : Adding welcome page template: index
2021-01-16 01:15:01.713  INFO 14729 --- [    Test worker] .s.s.UserDetailsServiceAutoConfiguration : 

Using generated security password: beee3c5f-ec41-4b96-9890-b8bc67f9e48b

2021-01-16 01:15:01.930  INFO 14729 --- [    Test worker] o.s.s.web.DefaultSecurityFilterChain     : Creating filter chain: any request, [org.springframework.security.web.context.request.async.WebAsyncManagerIntegrationFilter@5fb0caa9, org.springframework.security.web.context.SecurityContextPersistenceFilter@426b2497, org.springframework.security.web.header.HeaderWriterFilter@1c90755a, org.springframework.security.web.csrf.CsrfFilter@6c660fea, org.springframework.security.web.authentication.logout.LogoutFilter@161c9398, org.springframework.security.web.authentication.UsernamePasswordAuthenticationFilter@227e68d8, org.springframework.security.web.authentication.ui.DefaultLoginPageGeneratingFilter@3b20de08, org.springframework.security.web.authentication.ui.DefaultLogoutPageGeneratingFilter@2ecb9760, org.springframework.security.web.authentication.www.BasicAuthenticationFilter@d57e213, org.springframework.security.web.savedrequest.RequestCacheAwareFilter@6372274, org.springframework.security.web.servletapi.SecurityContextHolderAwareRequestFilter@5005203d, org.springframework.security.web.authentication.AnonymousAuthenticationFilter@59b4f97f, org.springframework.security.web.session.SessionManagementFilter@5cc7978d, org.springframework.security.web.access.ExceptionTranslationFilter@7933154c, org.springframework.security.web.access.intercept.FilterSecurityInterceptor@1393494a]
2021-01-16 01:15:01.969  INFO 14729 --- [    Test worker] o.s.b.t.m.w.SpringBootMockServletContext : Initializing Spring TestDispatcherServlet ''
2021-01-16 01:15:01.969  INFO 14729 --- [    Test worker] o.s.t.web.servlet.TestDispatcherServlet  : Initializing Servlet ''
2021-01-16 01:15:01.979  INFO 14729 --- [    Test worker] o.s.t.web.servlet.TestDispatcherServlet  : Completed initialization in 9 ms
2021-01-16 01:15:02.024  INFO 14729 --- [    Test worker] c.s.b.s.web.HelloControllerTest          : Started HelloControllerTest in 2.158 seconds (JVM running for 3.098)
]]></system-out>
  <system-err><![CDATA[]]></system-err>
</testsuite>
